<?xml version="1.0" encoding="UTF-8"?>
<testsuite xmlns:xsi="http://www.w3.org/2001/XMLSchema-instance" xsi:noNamespaceSchemaLocation="https://maven.apache.org/surefire/maven-surefire-plugin/xsd/surefire-test-report.xsd" name="com.qa.hubspot.tests.LoginPageTest" time="9.196" tests="3" errors="0" skipped="0" failures="0">
  <properties>
    <property name="java.specification.version" value="14"/>
    <property name="sun.jnu.encoding" value="UTF-8"/>
    <property name="java.class.path" value="/Users/monica/eclipse-workspace/POMSeries/target/test-classes:/Users/monica/eclipse-workspace/POMSeries/target/classes:/Users/monica/.m2/repository/org/seleniumhq/selenium/selenium-java/3.141.59/selenium-java-3.141.59.jar:/Users/monica/.m2/repository/org/seleniumhq/selenium/selenium-api/3.141.59/selenium-api-3.141.59.jar:/Users/monica/.m2/repository/org/seleniumhq/selenium/selenium-chrome-driver/3.141.59/selenium-chrome-driver-3.141.59.jar:/Users/monica/.m2/repository/org/seleniumhq/selenium/selenium-edge-driver/3.141.59/selenium-edge-driver-3.141.59.jar:/Users/monica/.m2/repository/org/seleniumhq/selenium/selenium-firefox-driver/3.141.59/selenium-firefox-driver-3.141.59.jar:/Users/monica/.m2/repository/org/seleniumhq/selenium/selenium-ie-driver/3.141.59/selenium-ie-driver-3.141.59.jar:/Users/monica/.m2/repository/org/seleniumhq/selenium/selenium-opera-driver/3.141.59/selenium-opera-driver-3.141.59.jar:/Users/monica/.m2/repository/org/seleniumhq/selenium/selenium-remote-driver/3.141.59/selenium-remote-driver-3.141.59.jar:/Users/monica/.m2/repository/org/seleniumhq/selenium/selenium-safari-driver/3.141.59/selenium-safari-driver-3.141.59.jar:/Users/monica/.m2/repository/org/seleniumhq/selenium/selenium-support/3.141.59/selenium-support-3.141.59.jar:/Users/monica/.m2/repository/net/bytebuddy/byte-buddy/1.8.15/byte-buddy-1.8.15.jar:/Users/monica/.m2/repository/org/apache/commons/commons-exec/1.3/commons-exec-1.3.jar:/Users/monica/.m2/repository/com/google/guava/guava/25.0-jre/guava-25.0-jre.jar:/Users/monica/.m2/repository/com/google/code/findbugs/jsr305/1.3.9/jsr305-1.3.9.jar:/Users/monica/.m2/repository/org/checkerframework/checker-compat-qual/2.0.0/checker-compat-qual-2.0.0.jar:/Users/monica/.m2/repository/com/google/errorprone/error_prone_annotations/2.1.3/error_prone_annotations-2.1.3.jar:/Users/monica/.m2/repository/com/google/j2objc/j2objc-annotations/1.1/j2objc-annotations-1.1.jar:/Users/monica/.m2/repository/org/codehaus/mojo/animal-sniffer-annotations/1.14/animal-sniffer-annotations-1.14.jar:/Users/monica/.m2/repository/com/squareup/okhttp3/okhttp/3.11.0/okhttp-3.11.0.jar:/Users/monica/.m2/repository/com/squareup/okio/okio/1.14.0/okio-1.14.0.jar:/Users/monica/.m2/repository/io/github/bonigarcia/webdrivermanager/4.0.0/webdrivermanager-4.0.0.jar:/Users/monica/.m2/repository/org/slf4j/slf4j-api/1.7.30/slf4j-api-1.7.30.jar:/Users/monica/.m2/repository/commons-io/commons-io/2.6/commons-io-2.6.jar:/Users/monica/.m2/repository/com/google/code/gson/gson/2.8.6/gson-2.8.6.jar:/Users/monica/.m2/repository/org/apache/commons/commons-lang3/3.10/commons-lang3-3.10.jar:/Users/monica/.m2/repository/org/apache/httpcomponents/client5/httpclient5/5.0/httpclient5-5.0.jar:/Users/monica/.m2/repository/org/apache/httpcomponents/core5/httpcore5/5.0/httpcore5-5.0.jar:/Users/monica/.m2/repository/org/apache/httpcomponents/core5/httpcore5-h2/5.0/httpcore5-h2-5.0.jar:/Users/monica/.m2/repository/org/rauschig/jarchivelib/1.0.0/jarchivelib-1.0.0.jar:/Users/monica/.m2/repository/org/apache/commons/commons-compress/1.18/commons-compress-1.18.jar:/Users/monica/.m2/repository/org/jsoup/jsoup/1.13.1/jsoup-1.13.1.jar:/Users/monica/.m2/repository/org/testng/testng/6.14.3/testng-6.14.3.jar:/Users/monica/.m2/repository/com/beust/jcommander/1.72/jcommander-1.72.jar:/Users/monica/.m2/repository/org/apache-extras/beanshell/bsh/2.0b6/bsh-2.0b6.jar:/Users/monica/.m2/repository/org/apache/poi/poi/3.9/poi-3.9.jar:/Users/monica/.m2/repository/commons-codec/commons-codec/1.5/commons-codec-1.5.jar:/Users/monica/.m2/repository/org/apache/poi/poi-ooxml/3.9/poi-ooxml-3.9.jar:/Users/monica/.m2/repository/dom4j/dom4j/1.6.1/dom4j-1.6.1.jar:/Users/monica/.m2/repository/xml-apis/xml-apis/1.0.b2/xml-apis-1.0.b2.jar:/Users/monica/.m2/repository/org/apache/poi/poi-ooxml-schemas/3.9/poi-ooxml-schemas-3.9.jar:/Users/monica/.m2/repository/org/apache/xmlbeans/xmlbeans/2.3.0/xmlbeans-2.3.0.jar:/Users/monica/.m2/repository/stax/stax-api/1.0.1/stax-api-1.0.1.jar:/Users/monica/.m2/repository/org/apache/poi/poi-scratchpad/3.9/poi-scratchpad-3.9.jar:/Users/monica/.m2/repository/org/apache/poi/ooxml-schemas/1.1/ooxml-schemas-1.1.jar:/Users/monica/.m2/repository/org/apache/poi/openxml4j/1.0-beta/openxml4j-1.0-beta.jar:/Users/monica/.m2/repository/log4j/log4j/1.2.8/log4j-1.2.8.jar:"/>
    <property name="java.vm.vendor" value="Oracle Corporation"/>
    <property name="sun.arch.data.model" value="64"/>
    <property name="java.vendor.url" value="https://openjdk.java.net/"/>
    <property name="os.name" value="Mac OS X"/>
    <property name="java.vm.specification.version" value="14"/>
    <property name="sun.java.launcher" value="SUN_STANDARD"/>
    <property name="user.country" value="SG"/>
    <property name="sun.boot.library.path" value="/usr/local/Cellar/openjdk/14.0.1/libexec/openjdk.jdk/Contents/Home/lib"/>
    <property name="sun.java.command" value="/Users/monica/eclipse-workspace/POMSeries/target/surefire/surefirebooter4492713855597352788.jar /Users/monica/eclipse-workspace/POMSeries/target/surefire 2020-07-17T18-17-21_456-jvmRun1 surefire13963139214827079578tmp surefire_010419007503266052424tmp"/>
    <property name="http.nonProxyHosts" value="local|*.local|169.254/16|*.169.254/16"/>
    <property name="jdk.debug" value="release"/>
    <property name="test" value="com.qa.hubspot.tests.LoginPageTest"/>
    <property name="surefire.test.class.path" value="/Users/monica/eclipse-workspace/POMSeries/target/test-classes:/Users/monica/eclipse-workspace/POMSeries/target/classes:/Users/monica/.m2/repository/org/seleniumhq/selenium/selenium-java/3.141.59/selenium-java-3.141.59.jar:/Users/monica/.m2/repository/org/seleniumhq/selenium/selenium-api/3.141.59/selenium-api-3.141.59.jar:/Users/monica/.m2/repository/org/seleniumhq/selenium/selenium-chrome-driver/3.141.59/selenium-chrome-driver-3.141.59.jar:/Users/monica/.m2/repository/org/seleniumhq/selenium/selenium-edge-driver/3.141.59/selenium-edge-driver-3.141.59.jar:/Users/monica/.m2/repository/org/seleniumhq/selenium/selenium-firefox-driver/3.141.59/selenium-firefox-driver-3.141.59.jar:/Users/monica/.m2/repository/org/seleniumhq/selenium/selenium-ie-driver/3.141.59/selenium-ie-driver-3.141.59.jar:/Users/monica/.m2/repository/org/seleniumhq/selenium/selenium-opera-driver/3.141.59/selenium-opera-driver-3.141.59.jar:/Users/monica/.m2/repository/org/seleniumhq/selenium/selenium-remote-driver/3.141.59/selenium-remote-driver-3.141.59.jar:/Users/monica/.m2/repository/org/seleniumhq/selenium/selenium-safari-driver/3.141.59/selenium-safari-driver-3.141.59.jar:/Users/monica/.m2/repository/org/seleniumhq/selenium/selenium-support/3.141.59/selenium-support-3.141.59.jar:/Users/monica/.m2/repository/net/bytebuddy/byte-buddy/1.8.15/byte-buddy-1.8.15.jar:/Users/monica/.m2/repository/org/apache/commons/commons-exec/1.3/commons-exec-1.3.jar:/Users/monica/.m2/repository/com/google/guava/guava/25.0-jre/guava-25.0-jre.jar:/Users/monica/.m2/repository/com/google/code/findbugs/jsr305/1.3.9/jsr305-1.3.9.jar:/Users/monica/.m2/repository/org/checkerframework/checker-compat-qual/2.0.0/checker-compat-qual-2.0.0.jar:/Users/monica/.m2/repository/com/google/errorprone/error_prone_annotations/2.1.3/error_prone_annotations-2.1.3.jar:/Users/monica/.m2/repository/com/google/j2objc/j2objc-annotations/1.1/j2objc-annotations-1.1.jar:/Users/monica/.m2/repository/org/codehaus/mojo/animal-sniffer-annotations/1.14/animal-sniffer-annotations-1.14.jar:/Users/monica/.m2/repository/com/squareup/okhttp3/okhttp/3.11.0/okhttp-3.11.0.jar:/Users/monica/.m2/repository/com/squareup/okio/okio/1.14.0/okio-1.14.0.jar:/Users/monica/.m2/repository/io/github/bonigarcia/webdrivermanager/4.0.0/webdrivermanager-4.0.0.jar:/Users/monica/.m2/repository/org/slf4j/slf4j-api/1.7.30/slf4j-api-1.7.30.jar:/Users/monica/.m2/repository/commons-io/commons-io/2.6/commons-io-2.6.jar:/Users/monica/.m2/repository/com/google/code/gson/gson/2.8.6/gson-2.8.6.jar:/Users/monica/.m2/repository/org/apache/commons/commons-lang3/3.10/commons-lang3-3.10.jar:/Users/monica/.m2/repository/org/apache/httpcomponents/client5/httpclient5/5.0/httpclient5-5.0.jar:/Users/monica/.m2/repository/org/apache/httpcomponents/core5/httpcore5/5.0/httpcore5-5.0.jar:/Users/monica/.m2/repository/org/apache/httpcomponents/core5/httpcore5-h2/5.0/httpcore5-h2-5.0.jar:/Users/monica/.m2/repository/org/rauschig/jarchivelib/1.0.0/jarchivelib-1.0.0.jar:/Users/monica/.m2/repository/org/apache/commons/commons-compress/1.18/commons-compress-1.18.jar:/Users/monica/.m2/repository/org/jsoup/jsoup/1.13.1/jsoup-1.13.1.jar:/Users/monica/.m2/repository/org/testng/testng/6.14.3/testng-6.14.3.jar:/Users/monica/.m2/repository/com/beust/jcommander/1.72/jcommander-1.72.jar:/Users/monica/.m2/repository/org/apache-extras/beanshell/bsh/2.0b6/bsh-2.0b6.jar:/Users/monica/.m2/repository/org/apache/poi/poi/3.9/poi-3.9.jar:/Users/monica/.m2/repository/commons-codec/commons-codec/1.5/commons-codec-1.5.jar:/Users/monica/.m2/repository/org/apache/poi/poi-ooxml/3.9/poi-ooxml-3.9.jar:/Users/monica/.m2/repository/dom4j/dom4j/1.6.1/dom4j-1.6.1.jar:/Users/monica/.m2/repository/xml-apis/xml-apis/1.0.b2/xml-apis-1.0.b2.jar:/Users/monica/.m2/repository/org/apache/poi/poi-ooxml-schemas/3.9/poi-ooxml-schemas-3.9.jar:/Users/monica/.m2/repository/org/apache/xmlbeans/xmlbeans/2.3.0/xmlbeans-2.3.0.jar:/Users/monica/.m2/repository/stax/stax-api/1.0.1/stax-api-1.0.1.jar:/Users/monica/.m2/repository/org/apache/poi/poi-scratchpad/3.9/poi-scratchpad-3.9.jar:/Users/monica/.m2/repository/org/apache/poi/ooxml-schemas/1.1/ooxml-schemas-1.1.jar:/Users/monica/.m2/repository/org/apache/poi/openxml4j/1.0-beta/openxml4j-1.0-beta.jar:/Users/monica/.m2/repository/log4j/log4j/1.2.8/log4j-1.2.8.jar:"/>
    <property name="sun.cpu.endian" value="little"/>
    <property name="user.home" value="/Users/monica"/>
    <property name="user.language" value="en"/>
    <property name="java.specification.vendor" value="Oracle Corporation"/>
    <property name="java.version.date" value="2020-04-14"/>
    <property name="java.home" value="/usr/local/Cellar/openjdk/14.0.1/libexec/openjdk.jdk/Contents/Home"/>
    <property name="file.separator" value="/"/>
    <property name="basedir" value="/Users/monica/eclipse-workspace/POMSeries"/>
    <property name="java.vm.compressedOopsMode" value="Zero based"/>
    <property name="line.separator" value="&#10;"/>
    <property name="java.specification.name" value="Java Platform API Specification"/>
    <property name="java.vm.specification.vendor" value="Oracle Corporation"/>
    <property name="surefire.real.class.path" value="/Users/monica/eclipse-workspace/POMSeries/target/surefire/surefirebooter4492713855597352788.jar"/>
    <property name="sun.management.compiler" value="HotSpot 64-Bit Tiered Compilers"/>
    <property name="ftp.nonProxyHosts" value="local|*.local|169.254/16|*.169.254/16"/>
    <property name="java.runtime.version" value="14.0.1+14"/>
    <property name="user.name" value="monica"/>
    <property name="path.separator" value=":"/>
    <property name="os.version" value="10.15.4"/>
    <property name="java.runtime.name" value="OpenJDK Runtime Environment"/>
    <property name="file.encoding" value="UTF-8"/>
    <property name="java.vm.name" value="OpenJDK 64-Bit Server VM"/>
    <property name="localRepository" value="/Users/monica/.m2/repository"/>
    <property name="java.vendor.url.bug" value="https://bugreport.java.com/bugreport/"/>
    <property name="java.io.tmpdir" value="/var/folders/cm/5bl09qvx3zl83qp3s_r_t_wc0000gn/T/"/>
    <property name="java.version" value="14.0.1"/>
    <property name="user.dir" value="/Users/monica/eclipse-workspace/POMSeries"/>
    <property name="os.arch" value="x86_64"/>
    <property name="java.vm.specification.name" value="Java Virtual Machine Specification"/>
    <property name="java.library.path" value="/Users/monica/Library/Java/Extensions:/Library/Java/Extensions:/Network/Library/Java/Extensions:/System/Library/Java/Extensions:/usr/lib/java:."/>
    <property name="java.vm.info" value="mixed mode, sharing"/>
    <property name="java.vendor" value="N/A"/>
    <property name="java.vm.version" value="14.0.1+14"/>
    <property name="sun.io.unicode.encoding" value="UnicodeBig"/>
    <property name="socksNonProxyHosts" value="local|*.local|169.254/16|*.169.254/16"/>
    <property name="java.class.version" value="58.0"/>
  </properties>
  <testcase name="verifySignUpLinkExistTest" classname="com.qa.hubspot.tests.LoginPageTest" time="5.525"/>
  <testcase name="verifyLoginPageTitleTest" classname="com.qa.hubspot.tests.LoginPageTest" time="0.012"/>
  <testcase name="verifyLoginTest" classname="com.qa.hubspot.tests.LoginPageTest" time="0.447"/>
</testsuite>