<?xml version="1.0" encoding="UTF-8"?>
<!-- Generated by org.testng.reporters.JUnitReportReporter -->
<testsuite hostname="Monicas-MBP" failures="0" tests="3" name="com.qa.hubspot.tests.LoginPageTest" time="14.837" errors="0" timestamp="21 Jul 2020 06:11:38 GMT" skipped="0">
  <testcase classname="com.qa.hubspot.tests.LoginPageTest" name="verifySignUpLinkExistTest" time="14.386"/>
  <testcase classname="com.qa.hubspot.tests.LoginPageTest" name="verifyLoginPageTitleTest" time="0.012"/>
  <testcase classname="com.qa.hubspot.tests.LoginPageTest" name="verifyLoginTest" time="0.439"/>
</testsuite> <!-- com.qa.hubspot.tests.LoginPageTest -->
