<?xml version="1.0" encoding="UTF-8"?>
<!-- Generated by org.testng.reporters.JUnitReportReporter -->
<testsuite hostname="Monicas-MBP" failures="0" tests="3" name="com.qa.hubspot.tests.HomePageTest" time="3.811" errors="0" timestamp="21 Jul 2020 06:11:38 GMT" skipped="0">
  <testcase classname="com.qa.hubspot.tests.HomePageTest" name="verifyHomePageTitleTest" time="3.650"/>
  <testcase classname="com.qa.hubspot.tests.HomePageTest" name="verifyHomePageHeaderTest" time="0.048"/>
  <testcase classname="com.qa.hubspot.tests.HomePageTest" name="verifyLoggedInAccountName" time="0.113"/>
</testsuite> <!-- com.qa.hubspot.tests.HomePageTest -->
