<?xml version="1.0" encoding="UTF-8"?>
<!-- Generated by org.testng.reporters.JUnitReportReporter -->
<testsuite hostname="Monicas-MBP" failures="0" tests="1" name="com.qa.hubspot.tests.ContactsPageTest" time="3.862" errors="0" timestamp="16 Jul 2020 08:07:21 GMT" skipped="0">
  <testcase classname="com.qa.hubspot.tests.ContactsPageTest" name="verifyCreateNewContact" time="3.862"/>
</testsuite> <!-- com.qa.hubspot.tests.ContactsPageTest -->
