<?xml version="1.0" encoding="UTF-8"?>
<!-- Generated by org.testng.reporters.JUnitReportReporter -->
<testsuite hostname="Monicas-MBP" failures="0" tests="1" name="mytest.testNaveen" time="2.596" errors="0" timestamp="02 Jul 2020 09:39:56 GMT" skipped="0">
  <testcase classname="mytest.testNaveen" name="runTest" time="2.596"/>
</testsuite> <!-- mytest.testNaveen -->
