<?xml version="1.0" encoding="UTF-8"?>
<!-- Generated by org.testng.reporters.JUnitReportReporter -->
<testsuite hostname="Monicas-MacBook-Pro.local" failures="0" tests="3" name="com.qa.hubspot.tests.LoginPageTest" time="5.983" errors="0" timestamp="17 Jul 2020 10:17:31 GMT" skipped="0">
  <testcase classname="com.qa.hubspot.tests.LoginPageTest" name="verifySignUpLinkExistTest" time="5.524"/>
  <testcase classname="com.qa.hubspot.tests.LoginPageTest" name="verifyLoginPageTitleTest" time="0.012"/>
  <testcase classname="com.qa.hubspot.tests.LoginPageTest" name="verifyLoginTest" time="0.447"/>
</testsuite> <!-- com.qa.hubspot.tests.LoginPageTest -->
